==69331== Memcheck, a memory error detector
==69331== Copyright (C) 2002-2011, and GNU GPL'd, by Julian Seward et al.
==69331== Using Valgrind-3.7.0 and LibVEX; rerun with -h for copyright info
==69331== Command: ./dyn_1
==69331== Parent PID: 69330
==69331== 
==69331== 
==69331== HEAP SUMMARY:
==69331==     in use at exit: 72,704 bytes in 1 blocks
==69331==   total heap usage: 238 allocs, 237 frees, 85,466 bytes allocated
==69331== 
==69331== LEAK SUMMARY:
==69331==    definitely lost: 0 bytes in 0 blocks
==69331==    indirectly lost: 0 bytes in 0 blocks
==69331==      possibly lost: 0 bytes in 0 blocks
==69331==    still reachable: 72,704 bytes in 1 blocks
==69331==         suppressed: 0 bytes in 0 blocks
==69331== Reachable blocks (those to which a pointer was found) are not shown.
==69331== To see them, rerun with: --leak-check=full --show-reachable=yes
==69331== 
==69331== For counts of detected and suppressed errors, rerun with: -v
==69331== ERROR SUMMARY: 0 errors from 0 contexts (suppressed: 2 from 2)
