==69807== Memcheck, a memory error detector
==69807== Copyright (C) 2002-2011, and GNU GPL'd, by Julian Seward et al.
==69807== Using Valgrind-3.7.0 and LibVEX; rerun with -h for copyright info
==69807== Command: ./dyn_3
==69807== Parent PID: 69806
==69807== 
==69807== 
==69807== HEAP SUMMARY:
==69807==     in use at exit: 72,704 bytes in 1 blocks
==69807==   total heap usage: 14 allocs, 13 frees, 73,389 bytes allocated
==69807== 
==69807== LEAK SUMMARY:
==69807==    definitely lost: 0 bytes in 0 blocks
==69807==    indirectly lost: 0 bytes in 0 blocks
==69807==      possibly lost: 0 bytes in 0 blocks
==69807==    still reachable: 72,704 bytes in 1 blocks
==69807==         suppressed: 0 bytes in 0 blocks
==69807== Reachable blocks (those to which a pointer was found) are not shown.
==69807== To see them, rerun with: --leak-check=full --show-reachable=yes
==69807== 
==69807== For counts of detected and suppressed errors, rerun with: -v
==69807== ERROR SUMMARY: 0 errors from 0 contexts (suppressed: 2 from 2)
