==69729== Memcheck, a memory error detector
==69729== Copyright (C) 2002-2011, and GNU GPL'd, by Julian Seward et al.
==69729== Using Valgrind-3.7.0 and LibVEX; rerun with -h for copyright info
==69729== Command: ./dyn_2
==69729== Parent PID: 69728
==69729== 
==69729== 
==69729== HEAP SUMMARY:
==69729==     in use at exit: 72,704 bytes in 1 blocks
==69729==   total heap usage: 20 allocs, 19 frees, 73,391 bytes allocated
==69729== 
==69729== LEAK SUMMARY:
==69729==    definitely lost: 0 bytes in 0 blocks
==69729==    indirectly lost: 0 bytes in 0 blocks
==69729==      possibly lost: 0 bytes in 0 blocks
==69729==    still reachable: 72,704 bytes in 1 blocks
==69729==         suppressed: 0 bytes in 0 blocks
==69729== Reachable blocks (those to which a pointer was found) are not shown.
==69729== To see them, rerun with: --leak-check=full --show-reachable=yes
==69729== 
==69729== For counts of detected and suppressed errors, rerun with: -v
==69729== ERROR SUMMARY: 0 errors from 0 contexts (suppressed: 2 from 2)
